#
# A fatal error has been detected by the Java Runtime Environment:
#
#  EXCEPTION_ACCESS_VIOLATION (0xc0000005) at pc=0x00007ffc4b120eca, pid=5328, tid=2304
#
# JRE version: Java(TM) SE Runtime Environment (18.0.2.1+1) (build 18.0.2.1+1-1)
# Java VM: Java HotSpot(TM) 64-Bit Server VM (18.0.2.1+1-1, mixed mode, sharing, tiered, compressed oops, compressed class ptrs, g1 gc, windows-amd64)
# Problematic frame:
# V  [jvm.dll+0x760eca]
#
# No core dump will be written. Minidumps are not enabled by default on client versions of Windows
#
# If you would like to submit a bug report, please visit:
#   https://bugreport.java.com/bugreport/crash.jsp
#

---------------  S U M M A R Y ------------

Command Line: -XX:+ShowCodeDetailsInExceptionMessages -agentlib:jdwp=transport=dt_socket,suspend=y,address=localhost:62509 -javaagent:C:\Users\kayte\eclipse\java-2022-06\eclipse\configuration\org.eclipse.osgi\215\0\.cp\lib\javaagent-shaded.jar -Dfile.encoding=UTF-8 com.dmtool.application.Application

Host: Intel(R) Core(TM) i5-9600K CPU @ 3.70GHz, 6 cores, 15G,  Windows 10 , 64 bit Build 19041 (10.0.19041.2364)
Time: Sat Jan 28 16:33:51 2023 Mountain Standard Time elapsed time: 54.664350 seconds (0d 0h 0m 54s)

---------------  T H R E A D  ---------------

Current thread (0x0000025993237430):  JavaThread "JDWP Transport Listener: dt_socket" daemon [_thread_in_vm, id=2304, stack(0x000000cee2d00000,0x000000cee2e00000)]

Stack: [0x000000cee2d00000,0x000000cee2e00000],  sp=0x000000cee2dff740,  free space=1021k
Native frames: (J=compiled Java code, j=interpreted, Vv=VM code, C=native code)
V  [jvm.dll+0x760eca]
V  [jvm.dll+0x52c54c]
V  [jvm.dll+0x4f3d5b]
C  [jdwp.dll+0x230a7]


siginfo: EXCEPTION_ACCESS_VIOLATION (0xc0000005), reading address 0x0000000000440047


Register to memory mapping:

RIP=0x00007ffc4b120eca jvm.dll
RAX=0x0000000000000042 is an unknown value
RBX=0x00000259ff6b6b90 points into unknown readable memory: 0x6172617064656d61 | 61 6d 65 64 70 61 72 61
RCX=0x0000000000440043 is an unknown value
RDX=0x00000259940fc720 points into unknown readable memory: 0x746d642f6d6f634c | 4c 63 6f 6d 2f 64 6d 74
RSP=0x000000cee2dff740 is pointing into the stack for thread: 0x0000025993237430
RBP=0x0000025993238920 points into unknown readable memory: 0x0000000200000002 | 02 00 00 00 02 00 00 00
RSI=0x0 is NULL
RDI=0xffffffffffffffff is an unknown value
R8 =0x000000000000019a is an unknown value
R9 =0x0000000000000040 is an unknown value
R10=0x0000000000000180 is an unknown value
R11=0x000000cee2dff760 is pointing into the stack for thread: 0x0000025993237430
R12=0x000000cee2dff898 is pointing into the stack for thread: 0x0000025993237430
R13=0x0 is NULL
R14=0x0000000801129d98 is a pointer to class: 
com.dmtool.dataAccessLayer.DmToolDataAccess$1 {0x0000000801129da0}
 - instance size:     2
 - klass size:        68
 - access:            synchronized 
 - state:             fully_initialized
 - name:              'com/dmtool/dataAccessLayer/DmToolDataAccess$1'
 - super:             'java/lang/Object'
 - sub:               
 - arrays:            NULL
 - methods:           Array<T>(0x000002599149b158)
 - method ordering:   Array<T>(0x000002599149b3c8)
 - default_methods:   Array<T>(0x0000000000000000)
 - local interfaces:  Array<T>(0x00000259913ab768)
 - trans. interfaces: Array<T>(0x00000259913ab768)
 - constants:         constant pool [76] {0x000002599149b9c0} for 'com/dmtool/dataAccessLayer/DmToolDataAccess$1' cache=0x000002599149bcb0
 - class loader data:  loader data: 0x00000259ec14e980 for instance a 'jdk/internal/loader/ClassLoaders$AppClassLoader'{0x0000000700ea0000}
 - source file:       'DmToolDataAccess.java'
 - source debug extension:       SMAP
DmToolDataAccess.java
Java
*S jdt
*F
1 DmToolDataAccess.java
2 file:/C:/Users/kayte/Documents/Katie/Promineo%20Tech%20Java%20Cohort/BE-Promineo-Tech/Week-17-Final_Project/PromineoFinalProject/target/classes/
*L
*E

 - class annotations:       Array<T>(0x0000000000000000)
 - class type annotations:  Array<T>(0x0000000000000000)
 - field annotations:       Array<T>(0x0000000000000000)
 - field type annotations:  Array<T>(0x0000000000000000)
 - generic signature: '
[error occurred during error reporting (printing register info), id 0xc0000005, EXCEPTION_ACCESS_VIOLATION (0xc0000005) at pc=0x00007ffc4b121ad6]

Registers:
RAX=0x0000000000000042, RBX=0x00000259ff6b6b90, RCX=0x0000000000440043, RDX=0x00000259940fc720
RSP=0x000000cee2dff740, RBP=0x0000025993238920, RSI=0x0000000000000000, RDI=0xffffffffffffffff
R8 =0x000000000000019a, R9 =0x0000000000000040, R10=0x0000000000000180, R11=0x000000cee2dff760
R12=0x000000cee2dff898, R13=0x0000000000000000, R14=0x0000000801129d98, R15=0x000000cee2dff8c0
RIP=0x00007ffc4b120eca, EFLAGS=0x0000000000010202

Top of Stack: (sp=0x000000cee2dff740)
0x000000cee2dff740:   000000000000002d 0000000801129d98
0x000000cee2dff750:   0000000000000000 00007ffc4aeafe23
0x000000cee2dff760:   ffffffffffffffff 00007ffc4aeec54c
0x000000cee2dff770:   00000259ff6b6b90 0000025993238920
0x000000cee2dff780:   0000000000000000 0000000000000000
0x000000cee2dff790:   00000259ff6b6b20 00000000000003d8
0x000000cee2dff7a0:   00000259ff6b6b30 00000259ff6b6f08
0x000000cee2dff7b0:   0000000000010a01 000000cee2dff898
0x000000cee2dff7c0:   0000000000000007 00000259932376c0
0x000000cee2dff7d0:   0000000703447238 00007ffc4aeb3d5b
0x000000cee2dff7e0:   0000025993237430 000000cee2dff8c0
0x000000cee2dff7f0:   00000259e9e103d0 000000cee2dff8c0
0x000000cee2dff800:   0000025993237430 0000000000000000
0x000000cee2dff810:   0000000000000000 0000000000000000
0x000000cee2dff820:   0000025994e00e28 00007ffc6c7830a7
0x000000cee2dff830:   000000cee2dff8b8 00007ffc6c791718 

Instructions: (pc=0x00007ffc4b120eca)
0x00007ffc4b120dca:   48 8b f8 48 85 db 74 08 48 8b cb e8 16 ad f0 ff
0x00007ffc4b120dda:   48 8b 5c 24 30 48 8b c7 48 83 c4 20 5f c3 8d 42
0x00007ffc4b120dea:   06 83 ff 02 b9 08 00 00 00 0f 4e c1 45 33 c0 48
0x00007ffc4b120dfa:   63 c8 48 83 c1 07 83 e1 f8 48 63 c9 41 8d 50 0b
0x00007ffc4b120e0a:   48 83 c4 20 5f e9 1c 23 95 ff cc cc cc cc cc cc
0x00007ffc4b120e1a:   cc cc cc cc cc cc 83 fa 02 8d 42 06 b9 08 00 00
0x00007ffc4b120e2a:   00 4d 8b c8 0f 4e c1 48 63 c8 49 8b 40 18 48 83
0x00007ffc4b120e3a:   c1 07 83 e1 f8 48 63 d1 49 8b 48 20 48 2b c8 48
0x00007ffc4b120e4a:   3b ca 72 09 48 8d 0c 10 49 89 48 18 c3 45 33 c0
0x00007ffc4b120e5a:   49 8b c9 e9 fe 80 95 ff cc cc cc cc cc cc cc cc
0x00007ffc4b120e6a:   cc cc cc cc cc cc 4c 8b d2 4c 8b d9 45 85 c0 7e
0x00007ffc4b120e7a:   3c 44 0f b7 49 04 41 8d 40 ff 41 3b c1 44 0f 4c
0x00007ffc4b120e8a:   c8 4d 63 c1 45 85 c9 7e 1f 48 8b c2 4c 2b da 49
0x00007ffc4b120e9a:   8b d0 0f 1f 40 00 41 0f b6 4c 03 06 88 08 48 8d
0x00007ffc4b120eaa:   40 01 48 83 ea 01 75 ee 43 c6 04 10 00 49 8b c2
0x00007ffc4b120eba:   c3 cc cc cc cc cc 48 89 5c 24 08 57 48 83 ec 20
0x00007ffc4b120eca:   0f b7 59 04 48 8b f9 33 d2 48 8d 4b 01 e8 14 d4
0x00007ffc4b120eda:   f8 ff 0f b7 57 04 4c 8b c0 3b da 0f 42 d3 44 8b
0x00007ffc4b120eea:   ca 85 d2 74 39 48 2b f8 0f 1f 40 00 66 66 0f 1f
0x00007ffc4b120efa:   84 00 00 00 00 00 0f b6 4c 07 06 88 08 48 ff c0
0x00007ffc4b120f0a:   48 8b c8 49 2b c8 49 3b c9 7c eb 42 c6 04 02 00
0x00007ffc4b120f1a:   49 8b c0 48 8b 5c 24 30 48 83 c4 20 5f c3 48 8b
0x00007ffc4b120f2a:   5c 24 30 c6 04 02 00 48 83 c4 20 5f c3 cc cc cc
0x00007ffc4b120f3a:   cc cc cc cc cc cc 4c 8b d1 45 85 c0 7e 6c 44 0f
0x00007ffc4b120f4a:   b7 49 04 41 8d 40 ff 41 3b c1 44 0f 4c c8 4d 63
0x00007ffc4b120f5a:   d9 45 85 c9 7e 22 48 8b ca 4c 2b d2 4d 8b c3 0f
0x00007ffc4b120f6a:   1f 80 00 00 00 00 41 0f b6 44 0a 06 88 01 48 8d
0x00007ffc4b120f7a:   49 01 49 83 e8 01 75 ee 41 c6 04 13 00 48 c7 c0
0x00007ffc4b120f8a:   ff ff ff ff 66 90 48 ff c0 80 3c 02 00 75 f7 48
0x00007ffc4b120f9a:   63 c8 85 c0 48 8b c2 7e 14 80 38 2f 75 03 c6 00
0x00007ffc4b120faa:   2e 48 ff c0 48 83 e9 01 75 ef 48 8b c2 c3 cc cc
0x00007ffc4b120fba:   cc cc cc cc cc cc 48 83 ec 28 e8 f7 fe ff ff 4c 


Stack slot to memory mapping:
stack at sp + 0 slots: 0x000000000000002d is an unknown value
stack at sp + 1 slots: 0x0000000801129d98 is a pointer to class: 
com.dmtool.dataAccessLayer.DmToolDataAccess$1 {0x0000000801129da0}
 - instance size:     2
 - klass size:        68
 - access:            synchronized 
 - state:             fully_initialized
 - name:              'com/dmtool/dataAccessLayer/DmToolDataAccess$1'
 - super:             'java/lang/Object'
 - sub:               
 - arrays:            NULL
 - methods:           Array<T>(0x000002599149b158)
 - method ordering:   Array<T>(0x000002599149b3c8)
 - default_methods:   Array<T>(0x0000000000000000)
 - local interfaces:  Array<T>(0x00000259913ab768)
 - trans. interfaces: Array<T>(0x00000259913ab768)
 - constants:         constant pool [76] {0x000002599149b9c0} for 'com/dmtool/dataAccessLayer/DmToolDataAccess$1' cache=0x000002599149bcb0
 - class loader data:  loader data: 0x00000259ec14e980 for instance a 'jdk/internal/loader/ClassLoaders$AppClassLoader'{0x0000000700ea0000}
 - source file:       'DmToolDataAccess.java'
 - source debug extension:       SMAP
DmToolDataAccess.java
Java
*S jdt
*F
1 DmToolDataAccess.java
2 file:/C:/Users/kayte/Documents/Katie/Promineo%20Tech%20Java%20Cohort/BE-Promineo-Tech/Week-17-Final_Project/PromineoFinalProject/target/classes/
*L
*E

 - class annotations:       Array<T>(0x0000000000000000)
 - class type annotations:  Array<T>(0x0000000000000000)
 - field annotations:       Array<T>(0x0000000000000000)
 - field type annotations:  Array<T>(0x0000000000000000)
 - generic signature: '
[error occurred during error reporting (inspecting top of stack), id 0xc0000005, EXCEPTION_ACCESS_VIOLATION (0xc0000005) at pc=0x00007ffc4b121ad6]


---------------  P R O C E S S  ---------------

Threads class SMR info:
_java_thread_list=0x0000025997db17a0, length=32, elements={
0x00000259ff69c190, 0x00000259ff69c910, 0x00000259ff6b1ca0, 0x00000259ff6b3570,
0x00000259ff6b5a40, 0x00000259ff6c0f40, 0x00000259ff6cec50, 0x00000259ff6cf150,
0x0000025993020090, 0x00000259ff686d70, 0x0000025993237430, 0x00000259931b83c0,
0x00000259931b8a70, 0x0000025993569b70, 0x0000025996a057b0, 0x0000025996a087d0,
0x0000025996a05c80, 0x0000025996a06150, 0x0000025996a06620, 0x0000025996a06af0,
0x0000025996a08ca0, 0x0000025996a08300, 0x0000025996a09170, 0x0000025996a07960,
0x0000025996a06fc0, 0x0000025996a07490, 0x00000259980e59c0, 0x00000259980e7b70,
0x00000259980e41b0, 0x00000259980e2e70, 0x00000259980e1b30, 0x00000259980e5020
}

Java Threads: ( => current thread )
  0x00000259ff69c190 JavaThread "Reference Handler" daemon [_thread_blocked, id=8792, stack(0x000000cee2300000,0x000000cee2400000)]
  0x00000259ff69c910 JavaThread "Finalizer" daemon [_thread_blocked, id=13700, stack(0x000000cee2400000,0x000000cee2500000)]
  0x00000259ff6b1ca0 JavaThread "Signal Dispatcher" daemon [_thread_blocked, id=12260, stack(0x000000cee2500000,0x000000cee2600000)]
  0x00000259ff6b3570 JavaThread "Attach Listener" daemon [_thread_blocked, id=14412, stack(0x000000cee2600000,0x000000cee2700000)]
  0x00000259ff6b5a40 JavaThread "Service Thread" daemon [_thread_blocked, id=15816, stack(0x000000cee2700000,0x000000cee2800000)]
  0x00000259ff6c0f40 JavaThread "Monitor Deflation Thread" daemon [_thread_blocked, id=15332, stack(0x000000cee2800000,0x000000cee2900000)]
  0x00000259ff6cec50 JavaThread "C2 CompilerThread0" daemon [_thread_blocked, id=8776, stack(0x000000cee2900000,0x000000cee2a00000)]
  0x00000259ff6cf150 JavaThread "C1 CompilerThread0" daemon [_thread_blocked, id=5312, stack(0x000000cee2a00000,0x000000cee2b00000)]
  0x0000025993020090 JavaThread "Sweeper thread" daemon [_thread_blocked, id=11036, stack(0x000000cee2b00000,0x000000cee2c00000)]
  0x00000259ff686d70 JavaThread "Common-Cleaner" daemon [_thread_blocked, id=14300, stack(0x000000cee2c00000,0x000000cee2d00000)]
=>0x0000025993237430 JavaThread "JDWP Transport Listener: dt_socket" daemon [_thread_in_vm, id=2304, stack(0x000000cee2d00000,0x000000cee2e00000)]
  0x00000259931b83c0 JavaThread "JDWP Event Helper Thread" daemon [_thread_blocked, id=6820, stack(0x000000cee2e00000,0x000000cee2f00000)]
  0x00000259931b8a70 JavaThread "JDWP Command Reader" daemon [_thread_in_native, id=2508, stack(0x000000cee2f00000,0x000000cee3000000)]
  0x0000025993569b70 JavaThread "Notification Thread" daemon [_thread_blocked, id=10124, stack(0x000000cee3100000,0x000000cee3200000)]
  0x0000025996a057b0 JavaThread "Catalina-utility-1" [_thread_blocked, id=8936, stack(0x000000cee3900000,0x000000cee3a00000)]
  0x0000025996a087d0 JavaThread "Catalina-utility-2" [_thread_blocked, id=5264, stack(0x000000cee3a00000,0x000000cee3b00000)]
  0x0000025996a05c80 JavaThread "container-0" [_thread_blocked, id=3352, stack(0x000000cee3b00000,0x000000cee3c00000)]
  0x0000025996a06150 JavaThread "mysql-cj-abandoned-connection-cleanup" daemon [_thread_blocked, id=2104, stack(0x000000cee3c00000,0x000000cee3d00000)]
  0x0000025996a06620 JavaThread "HikariPool-1 housekeeper" daemon [_thread_blocked, id=3156, stack(0x000000cee3e00000,0x000000cee3f00000)]
  0x0000025996a06af0 JavaThread "http-nio-8080-exec-1" daemon [_thread_blocked, id=14748, stack(0x000000cee4000000,0x000000cee4100000)]
  0x0000025996a08ca0 JavaThread "http-nio-8080-exec-2" daemon [_thread_blocked, id=16120, stack(0x000000cee4100000,0x000000cee4200000)]
  0x0000025996a08300 JavaThread "http-nio-8080-exec-3" daemon [_thread_blocked, id=15912, stack(0x000000cee4200000,0x000000cee4300000)]
  0x0000025996a09170 JavaThread "http-nio-8080-exec-4" daemon [_thread_blocked, id=2444, stack(0x000000cee4300000,0x000000cee4400000)]
  0x0000025996a07960 JavaThread "http-nio-8080-exec-5" daemon [_thread_blocked, id=7656, stack(0x000000cee4400000,0x000000cee4500000)]
  0x0000025996a06fc0 JavaThread "http-nio-8080-exec-6" daemon [_thread_blocked, id=7780, stack(0x000000cee4500000,0x000000cee4600000)]
  0x0000025996a07490 JavaThread "http-nio-8080-exec-7" daemon [_thread_blocked, id=7984, stack(0x000000cee4600000,0x000000cee4700000)]
  0x00000259980e59c0 JavaThread "http-nio-8080-exec-8" daemon [_thread_blocked, id=268, stack(0x000000cee4700000,0x000000cee4800000)]
  0x00000259980e7b70 JavaThread "http-nio-8080-exec-9" daemon [_thread_blocked, id=12500, stack(0x000000cee4800000,0x000000cee4900000)]
  0x00000259980e41b0 JavaThread "http-nio-8080-exec-10" daemon [_thread_blocked, id=13608, stack(0x000000cee4900000,0x000000cee4a00000)]
  0x00000259980e2e70 JavaThread "http-nio-8080-Poller" daemon [_thread_in_native, id=16140, stack(0x000000cee4a00000,0x000000cee4b00000)]
  0x00000259980e1b30 JavaThread "http-nio-8080-Acceptor" daemon [_thread_in_native, id=6348, stack(0x000000cee4b00000,0x000000cee4c00000)]
  0x00000259980e5020 JavaThread "DestroyJavaVM" [_thread_blocked, id=15476, stack(0x000000cee1c00000,0x000000cee1d00000)]

Other Threads:
  0x00000259ec19a4d0 VMThread "VM Thread" [stack: 0x000000cee2200000,0x000000cee2300000] [id=7848]
  0x000002599352c870 WatcherThread "VM Periodic Task Thread" [stack: 0x000000cee3200000,0x000000cee3300000] [id=5428]
  0x00000259ec17ede0 WorkerThread "GC Thread#0" [stack: 0x000000cee1d00000,0x000000cee1e00000] [id=10504]
  0x000002599380f440 WorkerThread "GC Thread#1" [stack: 0x000000cee3300000,0x000000cee3400000] [id=804]
  0x000002599379a4a0 WorkerThread "GC Thread#2" [stack: 0x000000cee3400000,0x000000cee3500000] [id=15128]
  0x000002599379a740 WorkerThread "GC Thread#3" [stack: 0x000000cee3500000,0x000000cee3600000] [id=15316]
  0x000002599379a9e0 WorkerThread "GC Thread#4" [stack: 0x000000cee3600000,0x000000cee3700000] [id=8952]
  0x000002599379ac80 WorkerThread "GC Thread#5" [stack: 0x000000cee3700000,0x000000cee3800000] [id=15976]
  0x00000259ec18fc80 ConcurrentGCThread "G1 Main Marker" [stack: 0x000000cee1e00000,0x000000cee1f00000] [id=15232]
  0x00000259ec1910f0 WorkerThread "G1 Conc#0" [stack: 0x000000cee1f00000,0x000000cee2000000] [id=6208]
  0x00000259953e9e10 WorkerThread "G1 Conc#1" [stack: 0x000000cee3800000,0x000000cee3900000] [id=6436]
  0x00000259ec1ae900 ConcurrentGCThread "G1 Refine#0" [stack: 0x000000cee2000000,0x000000cee2100000] [id=7372]
  0x00000259ff551040 ConcurrentGCThread "G1 Service" [stack: 0x000000cee2100000,0x000000cee2200000] [id=9512]

Threads with active compile tasks:

VM state: not at safepoint (normal execution)

VM Mutex/Monitor currently owned by a thread: None

Heap address: 0x0000000700e00000, size: 4082 MB, Compressed Oops mode: Zero based, Oop shift amount: 3

CDS archive(s) mapped at: [0x0000000800000000-0x0000000800ba0000-0x0000000800ba0000), size 12189696, SharedBaseAddress: 0x0000000800000000, ArchiveRelocationMode: 0.
Compressed class space mapped at: 0x0000000800c00000-0x0000000840c00000, reserved size: 1073741824
Narrow klass base: 0x0000000800000000, Narrow klass shift: 0, Narrow klass range: 0x100000000

GC Precious Log:
 CardTable entry size: 512
 Card Set container configuration: InlinePtr #cards 4 size 8 Array Of Cards #cards 16 size 48 Howl #buckets 8 coarsen threshold 3686 Howl Bitmap #cards 512 size 80 coarsen threshold 460 Card regions per heap region 1 cards per card region 4096
 CPUs: 6 total, 6 available
 Memory: 16326M
 Large Page Support: Disabled
 NUMA Support: Disabled
 Compressed Oops: Enabled (Zero based)
 Heap Region Size: 2M
 Heap Min Capacity: 8M
 Heap Initial Capacity: 256M
 Heap Max Capacity: 4082M
 Pre-touch: Disabled
 Parallel Workers: 6
 Concurrent Workers: 2
 Concurrent Refinement Workers: 6
 Periodic GC: Disabled

Heap:
 garbage-first heap   total 69632K, used 44961K [0x0000000700e00000, 0x0000000800000000)
  region size 2048K, 16 young (32768K), 1 survivors (2048K)
 Metaspace       used 42437K, committed 42944K, reserved 1114112K
  class space    used 5110K, committed 5376K, reserved 1048576K

Heap Regions: E=young(eden), S=young(survivor), O=old, HS=humongous(starts), HC=humongous(continues), CS=collection set, F=free, OA=open archive, CA=closed archive, TAMS=top-at-mark-start (previous, next)
|   0|0x0000000700e00000, 0x0000000701000000, 0x0000000701000000|100%| O|  |TAMS 0x0000000701000000, 0x0000000700e00000| Untracked 
|   1|0x0000000701000000, 0x0000000701200000, 0x0000000701200000|100%| O|  |TAMS 0x0000000701200000, 0x0000000701000000| Untracked 
|   2|0x0000000701200000, 0x0000000701400000, 0x0000000701400000|100%| O|  |TAMS 0x0000000701200000, 0x0000000701200000| Untracked 
|   3|0x0000000701400000, 0x0000000701600000, 0x0000000701600000|100%| O|  |TAMS 0x0000000701400000, 0x0000000701400000| Untracked 
|   4|0x0000000701600000, 0x0000000701600000, 0x0000000701800000|  0%| F|  |TAMS 0x0000000701600000, 0x0000000701600000| Untracked 
|   5|0x0000000701800000, 0x0000000701a00000, 0x0000000701a00000|100%| O|  |TAMS 0x0000000701800000, 0x0000000701800000| Untracked 
|   6|0x0000000701a00000, 0x0000000701b8ac00, 0x0000000701c00000| 77%| O|  |TAMS 0x0000000701a00000, 0x0000000701a00000| Untracked 
|   7|0x0000000701c00000, 0x0000000701c00000, 0x0000000701e00000|  0%| F|  |TAMS 0x0000000701c00000, 0x0000000701c00000| Untracked 
|   8|0x0000000701e00000, 0x0000000701e00000, 0x0000000702000000|  0%| F|  |TAMS 0x0000000701e00000, 0x0000000701e00000| Untracked 
|   9|0x0000000702000000, 0x0000000702000000, 0x0000000702200000|  0%| F|  |TAMS 0x0000000702000000, 0x0000000702000000| Untracked 
|  10|0x0000000702200000, 0x0000000702200000, 0x0000000702400000|  0%| F|  |TAMS 0x0000000702200000, 0x0000000702200000| Untracked 
|  11|0x0000000702400000, 0x0000000702400000, 0x0000000702600000|  0%| F|  |TAMS 0x0000000702400000, 0x0000000702400000| Untracked 
|  12|0x0000000702600000, 0x0000000702600000, 0x0000000702800000|  0%| F|  |TAMS 0x0000000702600000, 0x0000000702600000| Untracked 
|  13|0x0000000702800000, 0x0000000702800000, 0x0000000702a00000|  0%| F|  |TAMS 0x0000000702800000, 0x0000000702800000| Untracked 
|  14|0x0000000702a00000, 0x0000000702a00000, 0x0000000702c00000|  0%| F|  |TAMS 0x0000000702a00000, 0x0000000702a00000| Untracked 
|  15|0x0000000702c00000, 0x0000000702dc17e8, 0x0000000702e00000| 87%| E|  |TAMS 0x0000000702c00000, 0x0000000702c00000| Complete 
|  16|0x0000000702e00000, 0x0000000703000000, 0x0000000703000000|100%| E|CS|TAMS 0x0000000702e00000, 0x0000000702e00000| Complete 
|  17|0x0000000703000000, 0x0000000703200000, 0x0000000703200000|100%| E|CS|TAMS 0x0000000703000000, 0x0000000703000000| Complete 
|  18|0x0000000703200000, 0x0000000703400000, 0x0000000703400000|100%| E|CS|TAMS 0x0000000703200000, 0x0000000703200000| Complete 
|  19|0x0000000703400000, 0x0000000703600000, 0x0000000703600000|100%| E|CS|TAMS 0x0000000703400000, 0x0000000703400000| Complete 
|  20|0x0000000703600000, 0x0000000703800000, 0x0000000703800000|100%| E|CS|TAMS 0x0000000703600000, 0x0000000703600000| Complete 
|  21|0x0000000703800000, 0x0000000703a00000, 0x0000000703a00000|100%| E|  |TAMS 0x0000000703800000, 0x0000000703800000| Complete 
|  22|0x0000000703a00000, 0x0000000703c00000, 0x0000000703c00000|100%| E|CS|TAMS 0x0000000703a00000, 0x0000000703a00000| Complete 
|  23|0x0000000703c00000, 0x0000000703e00000, 0x0000000703e00000|100%| E|CS|TAMS 0x0000000703c00000, 0x0000000703c00000| Complete 
|  24|0x0000000703e00000, 0x0000000704000000, 0x0000000704000000|100%| E|CS|TAMS 0x0000000703e00000, 0x0000000703e00000| Complete 
|  25|0x0000000704000000, 0x0000000704200000, 0x0000000704200000|100%| E|CS|TAMS 0x0000000704000000, 0x0000000704000000| Complete 
|  26|0x0000000704200000, 0x0000000704400000, 0x0000000704400000|100%| E|CS|TAMS 0x0000000704200000, 0x0000000704200000| Complete 
|  40|0x0000000705e00000, 0x0000000706000000, 0x0000000706000000|100%| E|CS|TAMS 0x0000000705e00000, 0x0000000705e00000| Complete 
|  41|0x0000000706000000, 0x0000000706200000, 0x0000000706200000|100%| E|CS|TAMS 0x0000000706000000, 0x0000000706000000| Complete 
|  42|0x0000000706200000, 0x000000070625da70, 0x0000000706400000| 18%| S|CS|TAMS 0x0000000706200000, 0x0000000706200000| Complete 
| 127|0x0000000710c00000, 0x0000000710e00000, 0x0000000710e00000|100%| E|CS|TAMS 0x0000000710c00000, 0x0000000710c00000| Complete 
|2038|0x00000007ffa00000, 0x00000007ffc00000, 0x00000007ffc00000|100%| O|  |TAMS 0x00000007ffc00000, 0x00000007ffa00000| Untracked 
|2039|0x00000007ffc00000, 0x00000007ffe00000, 0x00000007ffe00000|100%| O|  |TAMS 0x00000007ffe00000, 0x00000007ffc00000| Untracked 
|2040|0x00000007ffe00000, 0x0000000800000000, 0x0000000800000000|100%| O|  |TAMS 0x0000000800000000, 0x00000007ffe00000| Untracked 

Card table byte_map: [0x00000259f4330000,0x00000259f4b30000] _byte_map_base: 0x00000259f0b29000

Marking Bits (Prev, Next): (CMBitMap*) 0x00000259ec17f2f0, (CMBitMap*) 0x00000259ec17f330
 Prev Bits: [0x00000259f5330000, 0x00000259f92f8000)
 Next Bits: [0x00000259f9300000, 0x00000259fd2c8000)

Polling page: 0x00000259ea0b0000

Metaspace:

Usage:
  Non-class:     36.45 MB used.
      Class:      4.99 MB used.
       Both:     41.44 MB used.

Virtual space:
  Non-class space:       64.00 MB reserved,      36.69 MB ( 57%) committed,  1 nodes.
      Class space:        1.00 GB reserved,       5.25 MB ( <1%) committed,  1 nodes.
             Both:        1.06 GB reserved,      41.94 MB (  4%) committed. 

Chunk freelists:
   Non-Class:  2.39 MB
       Class:  2.70 MB
        Both:  5.09 MB

MaxMetaspaceSize: unlimited
CompressedClassSpaceSize: 1.00 GB
Initial GC threshold: 21.00 MB
Current GC threshold: 59.50 MB
CDS: on
MetaspaceReclaimPolicy: balanced
 - commit_granule_bytes: 65536.
 - commit_granule_words: 8192.
 - virtual_space_node_default_size: 8388608.
 - enlarge_chunks_in_place: 1.
 - new_chunks_are_fully_committed: 0.
 - uncommit_free_chunks: 1.
 - use_allocation_guard: 0.


Internal statistics:

num_allocs_failed_limit: 11.
num_arena_births: 762.
num_arena_deaths: 0.
num_vsnodes_births: 2.
num_vsnodes_deaths: 0.
num_space_committed: 671.
num_space_uncommitted: 0.
num_chunks_returned_to_freelist: 11.
num_chunks_taken_from_freelist: 2106.
num_chunk_merges: 3.
num_chunk_splits: 1480.
num_chunks_enlarged: 1158.
num_inconsistent_stats: 0.

CodeHeap 'non-profiled nmethods': size=120000Kb used=2348Kb max_used=2813Kb free=117651Kb
 bounds [0x0000025987ad0000, 0x0000025987d90000, 0x000002598f000000]
CodeHeap 'profiled nmethods': size=120000Kb used=8297Kb max_used=10431Kb free=111702Kb
 bounds [0x00000259805a0000, 0x0000025980fd0000, 0x0000025987ad0000]
CodeHeap 'non-nmethods': size=5760Kb used=1367Kb max_used=1463Kb free=4392Kb
 bounds [0x0000025980000000, 0x0000025980270000, 0x00000259805a0000]
 total_blobs=4756 nmethods=4150 adapters=518
 compilation: enabled
              stopped_count=0, restarted_count=0
 full_count=0

Compilation events (20 events):
Event: 33.736 Thread 0x00000259ff6cf150 4923       3       java.util.concurrent.ThreadPoolExecutor::runStateAtLeast (11 bytes)
Event: 33.736 Thread 0x00000259ff6cf150 nmethod 4923 0x00000259805c1e10 code [0x00000259805c1fa0, 0x00000259805c20f8]
Event: 34.737 Thread 0x00000259ff6cf150 4924       3       java.util.concurrent.ScheduledThreadPoolExecutor$DelayedWorkQueue::setIndex (16 bytes)
Event: 34.737 Thread 0x00000259ff6cf150 nmethod 4924 0x000002598060d890 code [0x000002598060da40, 0x000002598060dd58]
Event: 38.309 Thread 0x00000259ff6cf150 4925       3       java.util.logging.Logger::isLoggable (27 bytes)
Event: 38.310 Thread 0x00000259ff6cf150 nmethod 4925 0x00000259808b4990 code [0x00000259808b4b40, 0x00000259808b4d18]
Event: 42.734 Thread 0x00000259ff6cf150 4926       3       jdk.internal.misc.Unsafe::putReferenceOpaque (9 bytes)
Event: 42.734 Thread 0x00000259ff6cf150 nmethod 4926 0x00000259805cbb10 code [0x00000259805cbca0, 0x00000259805cbe18]
Event: 46.375 Thread 0x00000259ff6cec50 4927       4       jdk.internal.access.SharedSecrets::getJavaLangAccess (4 bytes)
Event: 46.376 Thread 0x00000259ff6cec50 nmethod 4927 0x0000025987b3c790 code [0x0000025987b3c900, 0x0000025987b3c978]
Event: 48.735 Thread 0x00000259ff6cf150 4928       3       java.util.concurrent.locks.AbstractQueuedSynchronizer$ConditionObject::canReacquire (28 bytes)
Event: 48.736 Thread 0x00000259ff6cf150 nmethod 4928 0x00000259806a4590 code [0x00000259806a4740, 0x00000259806a4a98]
Event: 50.737 Thread 0x00000259ff6cf150 4929       3       java.util.concurrent.locks.ReentrantLock$Sync::isHeldExclusively (16 bytes)
Event: 50.737 Thread 0x00000259ff6cf150 nmethod 4929 0x000002598060c190 code [0x000002598060c320, 0x000002598060c4b8]
Event: 51.738 Thread 0x00000259ff6cf150 4930       3       java.util.concurrent.ScheduledThreadPoolExecutor$ScheduledFutureTask::compareTo (9 bytes)
Event: 51.739 Thread 0x00000259ff6cf150 nmethod 4930 0x000002598065f190 code [0x000002598065f340, 0x000002598065f5a8]
Event: 51.739 Thread 0x00000259ff6cf150 4931       3       java.util.concurrent.ScheduledThreadPoolExecutor$ScheduledFutureTask::compareTo (101 bytes)
Event: 51.740 Thread 0x00000259ff6cf150 nmethod 4931 0x0000025980dda410 code [0x0000025980dda620, 0x0000025980ddad98]
Event: 52.035 Thread 0x00000259ff6cf150 4932       1       java.util.concurrent.locks.ReentrantReadWriteLock::readLock (5 bytes)
Event: 52.035 Thread 0x00000259ff6cf150 nmethod 4932 0x0000025987b3c290 code [0x0000025987b3c420, 0x0000025987b3c4f8]

GC Heap History (18 events):
Event: 0.372 GC heap before
{Heap before GC invocations=0 (full 0):
 garbage-first heap   total 262144K, used 20480K [0x0000000700e00000, 0x0000000800000000)
  region size 2048K, 10 young (20480K), 0 survivors (0K)
 Metaspace       used 4999K, committed 5120K, reserved 1114112K
  class space    used 458K, committed 512K, reserved 1048576K
}
Event: 0.374 GC heap after
{Heap after GC invocations=1 (full 0):
 garbage-first heap   total 262144K, used 4736K [0x0000000700e00000, 0x0000000800000000)
  region size 2048K, 2 young (4096K), 2 survivors (4096K)
 Metaspace       used 4999K, committed 5120K, reserved 1114112K
  class space    used 458K, committed 512K, reserved 1048576K
}
Event: 0.568 GC heap before
{Heap before GC invocations=1 (full 0):
 garbage-first heap   total 262144K, used 29312K [0x0000000700e00000, 0x0000000800000000)
  region size 2048K, 14 young (28672K), 2 survivors (4096K)
 Metaspace       used 8101K, committed 8320K, reserved 1114112K
  class space    used 856K, committed 960K, reserved 1048576K
}
Event: 0.570 GC heap after
{Heap after GC invocations=2 (full 0):
 garbage-first heap   total 262144K, used 5694K [0x0000000700e00000, 0x0000000800000000)
  region size 2048K, 1 young (2048K), 1 survivors (2048K)
 Metaspace       used 8101K, committed 8320K, reserved 1114112K
  class space    used 856K, committed 960K, reserved 1048576K
}
Event: 1.455 GC heap before
{Heap before GC invocations=2 (full 0):
 garbage-first heap   total 262144K, used 155198K [0x0000000700e00000, 0x0000000800000000)
  region size 2048K, 75 young (153600K), 1 survivors (2048K)
 Metaspace       used 21230K, committed 21504K, reserved 1114112K
  class space    used 2476K, committed 2624K, reserved 1048576K
}
Event: 1.459 GC heap after
{Heap after GC invocations=3 (full 0):
 garbage-first heap   total 262144K, used 9792K [0x0000000700e00000, 0x0000000800000000)
  region size 2048K, 3 young (6144K), 3 survivors (6144K)
 Metaspace       used 21230K, committed 21504K, reserved 1114112K
  class space    used 2476K, committed 2624K, reserved 1048576K
}
Event: 1.789 GC heap before
{Heap before GC invocations=4 (full 0):
 garbage-first heap   total 49152K, used 44608K [0x0000000700e00000, 0x0000000800000000)
  region size 2048K, 20 young (40960K), 3 survivors (6144K)
 Metaspace       used 24926K, committed 25344K, reserved 1114112K
  class space    used 3019K, committed 3200K, reserved 1048576K
}
Event: 1.794 GC heap after
{Heap after GC invocations=5 (full 0):
 garbage-first heap   total 57344K, used 12006K [0x0000000700e00000, 0x0000000800000000)
  region size 2048K, 2 young (4096K), 2 survivors (4096K)
 Metaspace       used 24926K, committed 25344K, reserved 1114112K
  class space    used 3019K, committed 3200K, reserved 1048576K
}
Event: 1.804 GC heap before
{Heap before GC invocations=5 (full 0):
 garbage-first heap   total 57344K, used 14054K [0x0000000700e00000, 0x0000000800000000)
  region size 2048K, 3 young (6144K), 2 survivors (4096K)
 Metaspace       used 25144K, committed 25536K, reserved 1114112K
  class space    used 3039K, committed 3200K, reserved 1048576K
}
Event: 1.807 GC heap after
{Heap after GC invocations=6 (full 0):
 garbage-first heap   total 57344K, used 12249K [0x0000000700e00000, 0x0000000800000000)
  region size 2048K, 1 young (2048K), 1 survivors (2048K)
 Metaspace       used 25144K, committed 25536K, reserved 1114112K
  class space    used 3039K, committed 3200K, reserved 1048576K
}
Event: 2.028 GC heap before
{Heap before GC invocations=6 (full 0):
 garbage-first heap   total 57344K, used 36825K [0x0000000700e00000, 0x0000000800000000)
  region size 2048K, 14 young (28672K), 1 survivors (2048K)
 Metaspace       used 28223K, committed 28608K, reserved 1114112K
  class space    used 3406K, committed 3584K, reserved 1048576K
}
Event: 2.031 GC heap after
{Heap after GC invocations=7 (full 0):
 garbage-first heap   total 159744K, used 13691K [0x0000000700e00000, 0x0000000800000000)
  region size 2048K, 1 young (2048K), 1 survivors (2048K)
 Metaspace       used 28223K, committed 28608K, reserved 1114112K
  class space    used 3406K, committed 3584K, reserved 1048576K
}
Event: 2.513 GC heap before
{Heap before GC invocations=7 (full 0):
 garbage-first heap   total 159744K, used 75131K [0x0000000700e00000, 0x0000000800000000)
  region size 2048K, 33 young (67584K), 1 survivors (2048K)
 Metaspace       used 35475K, committed 35968K, reserved 1114112K
  class space    used 4239K, committed 4480K, reserved 1048576K
}
Event: 2.517 GC heap after
{Heap after GC invocations=8 (full 0):
 garbage-first heap   total 159744K, used 17126K [0x0000000700e00000, 0x0000000800000000)
  region size 2048K, 3 young (6144K), 3 survivors (6144K)
 Metaspace       used 35475K, committed 35968K, reserved 1114112K
  class space    used 4239K, committed 4480K, reserved 1048576K
}
Event: 2.923 GC heap before
{Heap before GC invocations=9 (full 0):
 garbage-first heap   total 69632K, used 51942K [0x0000000700e00000, 0x0000000800000000)
  region size 2048K, 20 young (40960K), 3 survivors (6144K)
 Metaspace       used 38926K, committed 39424K, reserved 1114112K
  class space    used 4692K, committed 4928K, reserved 1048576K
}
Event: 2.926 GC heap after
{Heap after GC invocations=10 (full 0):
 garbage-first heap   total 69632K, used 18795K [0x0000000700e00000, 0x0000000800000000)
  region size 2048K, 1 young (2048K), 1 survivors (2048K)
 Metaspace       used 38926K, committed 39424K, reserved 1114112K
  class space    used 4692K, committed 4928K, reserved 1048576K
}
Event: 3.736 GC heap before
{Heap before GC invocations=10 (full 0):
 garbage-first heap   total 69632K, used 20843K [0x0000000700e00000, 0x0000000800000000)
  region size 2048K, 2 young (4096K), 1 survivors (2048K)
 Metaspace       used 38970K, committed 39488K, reserved 1114112K
  class space    used 4692K, committed 4928K, reserved 1048576K
}
Event: 3.742 GC heap after
{Heap after GC invocations=11 (full 0):
 garbage-first heap   total 69632K, used 18337K [0x0000000700e00000, 0x0000000800000000)
  region size 2048K, 1 young (2048K), 1 survivors (2048K)
 Metaspace       used 38970K, committed 39488K, reserved 1114112K
  class space    used 4692K, committed 4928K, reserved 1048576K
}

Deoptimization events (20 events):
Event: 23.007 Thread 0x0000025996a08300 DEOPT PACKING pc=0x0000025980733cc1 sp=0x000000cee42fd640
Event: 23.007 Thread 0x0000025996a08300 DEOPT UNPACKING pc=0x0000025980052b43 sp=0x000000cee42fca98 mode 1
Event: 23.007 Thread 0x0000025996a08300 DEOPT PACKING pc=0x000002598073305c sp=0x000000cee42fd6d0
Event: 23.007 Thread 0x0000025996a08300 DEOPT UNPACKING pc=0x0000025980052b43 sp=0x000000cee42fcb88 mode 1
Event: 23.007 Thread 0x0000025996a08300 DEOPT PACKING pc=0x0000025980733cc1 sp=0x000000cee42fd710
Event: 23.007 Thread 0x0000025996a08300 DEOPT UNPACKING pc=0x0000025980052b43 sp=0x000000cee42fcb68 mode 1
Event: 23.007 Thread 0x0000025996a08300 DEOPT PACKING pc=0x000002598073305c sp=0x000000cee42fd7a0
Event: 23.007 Thread 0x0000025996a08300 DEOPT UNPACKING pc=0x0000025980052b43 sp=0x000000cee42fcc58 mode 1
Event: 23.029 Thread 0x0000025996a08300 Uncommon trap: trap_request=0xffffff45 fr.pc=0x0000025987b355cc relative=0x000000000000032c
Event: 23.029 Thread 0x0000025996a08300 Uncommon trap: reason=unstable_if action=reinterpret pc=0x0000025987b355cc method=java.util.HashMap.getNode(Ljava/lang/Object;)Ljava/util/HashMap$Node; @ 66 c2
Event: 23.029 Thread 0x0000025996a08300 DEOPT PACKING pc=0x0000025987b355cc sp=0x000000cee42fc770
Event: 23.029 Thread 0x0000025996a08300 DEOPT UNPACKING pc=0x00000259800523a3 sp=0x000000cee42fc700 mode 2
Event: 23.033 Thread 0x0000025996a08300 Uncommon trap: trap_request=0xffffff45 fr.pc=0x0000025987b93f40 relative=0x00000000000000c0
Event: 23.033 Thread 0x0000025996a08300 Uncommon trap: reason=unstable_if action=reinterpret pc=0x0000025987b93f40 method=java.lang.Integer.stringSize(I)I @ 3 c2
Event: 23.033 Thread 0x0000025996a08300 DEOPT PACKING pc=0x0000025987b93f40 sp=0x000000cee42fc430
Event: 23.033 Thread 0x0000025996a08300 DEOPT UNPACKING pc=0x00000259800523a3 sp=0x000000cee42fc3b8 mode 2
Event: 23.033 Thread 0x0000025996a08300 Uncommon trap: trap_request=0xffffff45 fr.pc=0x0000025987ba108c relative=0x00000000000001ec
Event: 23.033 Thread 0x0000025996a08300 Uncommon trap: reason=unstable_if action=reinterpret pc=0x0000025987ba108c method=java.lang.Integer.getChars(II[B)I @ 4 c2
Event: 23.033 Thread 0x0000025996a08300 DEOPT PACKING pc=0x0000025987ba108c sp=0x000000cee42fc400
Event: 23.033 Thread 0x0000025996a08300 DEOPT UNPACKING pc=0x00000259800523a3 sp=0x000000cee42fc3a0 mode 2

Classes loaded (20 events):
Event: 6.124 Loading class java/util/OptionalLong
Event: 6.124 Loading class java/util/OptionalLong done
Event: 6.124 Loading class java/util/OptionalDouble
Event: 6.124 Loading class java/util/OptionalDouble done
Event: 6.128 Loading class org/w3c/dom/Node
Event: 6.128 Loading class org/w3c/dom/Node done
Event: 6.128 Loading class org/w3c/dom/Document
Event: 6.128 Loading class org/w3c/dom/Document done
Event: 6.192 Loading class java/util/TimerTask
Event: 6.192 Loading class java/util/TimerTask done
Event: 11.997 Loading class java/util/Collections$ReverseComparator2
Event: 11.997 Loading class java/util/Collections$ReverseComparator2 done
Event: 22.995 Loading class java/lang/invoke/WrongMethodTypeException
Event: 22.995 Loading class java/lang/invoke/WrongMethodTypeException done
Event: 23.002 Loading class jdk/internal/loader/BootLoader$PackageHelper
Event: 23.002 Loading class jdk/internal/loader/BootLoader$PackageHelper done
Event: 23.028 Loading class java/util/stream/LongStream
Event: 23.028 Loading class java/util/stream/LongStream done
Event: 23.028 Loading class java/util/stream/DoubleStream
Event: 23.028 Loading class java/util/stream/DoubleStream done

Classes unloaded (0 events):
No events

Classes redefined (2 events):
Event: 54.629 Thread 0x00000259ec19a4d0 redefined class name=com.dmtool.dataAccessLayer.DmToolDataAccess, count=1
Event: 54.629 Thread 0x00000259ec19a4d0 redefined class name=com.dmtool.dataAccessLayer.DmToolDataAccess$1, count=1

Internal exceptions (20 events):
Event: 2.056 Thread 0x00000259ec10e4c0 Exception <a 'java/lang/IncompatibleClassChangeError'{0x000000070a174500}: Found class java.lang.Object, but interface was expected> (0x000000070a174500) 
thrown [s\open\src\hotspot\share\interpreter\linkResolver.cpp, line 826]
Event: 2.100 Thread 0x00000259ec10e4c0 Exception <a 'java/lang/NoSuchMethodError'{0x0000000709dac308}: 'java.lang.Object java.lang.invoke.DirectMethodHandle$Holder.newInvokeSpecial(java.lang.Object, java.lang.Object, java.lang.Object, java.lang.Object, java.lang.Object, java.lang.Object, java.lang.Object, java.lang.Object)'> (0x0000000709dac308) 
thrown [s\open\src\hotspot\share\interpreter\linkResolver.cpp, line 759]
Event: 2.190 Thread 0x00000259ec10e4c0 Exception <a 'java/lang/NoSuchMethodError'{0x000000070906aaa8}: 'void java.lang.invoke.DirectMethodHandle$Holder.invokeVirtual(java.lang.Object, java.lang.Object, long)'> (0x000000070906aaa8) 
thrown [s\open\src\hotspot\share\interpreter\linkResolver.cpp, line 759]
Event: 2.276 Thread 0x00000259ec10e4c0 Exception <a 'java/lang/IncompatibleClassChangeError'{0x00000007084c57a0}: Found class java.lang.Object, but interface was expected> (0x00000007084c57a0) 
thrown [s\open\src\hotspot\share\interpreter\linkResolver.cpp, line 826]
Event: 2.301 Thread 0x00000259ec10e4c0 Exception <a 'java/lang/NoSuchMethodError'{0x00000007080a8fe8}: 'int java.lang.invoke.DirectMethodHandle$Holder.invokeStaticInit(java.lang.Object, java.lang.Object, java.lang.Object, java.lang.Object)'> (0x00000007080a8fe8) 
thrown [s\open\src\hotspot\share\interpreter\linkResolver.cpp, line 759]
Event: 2.324 Thread 0x00000259ec10e4c0 Exception <a 'java/lang/IncompatibleClassChangeError'{0x0000000707e538d8}: Found class java.lang.Object, but interface was expected> (0x0000000707e538d8) 
thrown [s\open\src\hotspot\share\interpreter\linkResolver.cpp, line 826]
Event: 2.467 Thread 0x00000259ec10e4c0 Exception <a 'sun/nio/fs/WindowsException'{0x00000007068dd1d0}> (0x00000007068dd1d0) 
thrown [s\open\src\hotspot\share\prims\jni.cpp, line 516]
Event: 2.611 Thread 0x00000259ec10e4c0 Exception <a 'java/lang/NoSuchMethodError'{0x0000000703f18320}: 'java.lang.Object java.lang.invoke.DirectMethodHandle$Holder.invokeStaticInit(java.lang.Object, java.lang.Object, java.lang.Object, java.lang.Object)'> (0x0000000703f18320) 
thrown [s\open\src\hotspot\share\interpreter\linkResolver.cpp, line 759]
Event: 2.630 Thread 0x00000259ec10e4c0 Exception <a 'java/lang/IncompatibleClassChangeError'{0x0000000703d9ac18}: Found class java.lang.Object, but interface was expected> (0x0000000703d9ac18) 
thrown [s\open\src\hotspot\share\interpreter\linkResolver.cpp, line 826]
Event: 2.638 Thread 0x00000259ec10e4c0 Exception <a 'java/lang/NoSuchMethodError'{0x0000000703a2ddf8}: 'java.lang.Object java.lang.invoke.DirectMethodHandle$Holder.newInvokeSpecial(java.lang.Object, java.lang.Object, java.lang.Object, int, int)'> (0x0000000703a2ddf8) 
thrown [s\open\src\hotspot\share\interpreter\linkResolver.cpp, line 759]
Event: 2.651 Thread 0x00000259ec10e4c0 Exception <a 'java/lang/IncompatibleClassChangeError'{0x0000000703bed4d8}: Found class java.lang.Object, but interface was expected> (0x0000000703bed4d8) 
thrown [s\open\src\hotspot\share\interpreter\linkResolver.cpp, line 826]
Event: 2.662 Thread 0x00000259ec10e4c0 Exception <a 'java/lang/NoSuchMethodError'{0x0000000703992058}: 'java.lang.Object java.lang.invoke.DirectMethodHandle$Holder.invokeVirtual(java.lang.Object, java.lang.Object, java.lang.Object, java.lang.Object, java.lang.Object, java.lang.Object, java.lang.Object)'> (0x0000000703992058) 
thrown [s\open\src\hotspot\share\interpreter\linkResolver.cpp, line 759]
Event: 2.668 Thread 0x00000259ec10e4c0 Exception <a 'java/lang/IncompatibleClassChangeError'{0x0000000703683240}: Found class java.lang.Object, but interface was expected> (0x0000000703683240) 
thrown [s\open\src\hotspot\share\interpreter\linkResolver.cpp, line 826]
Event: 2.672 Thread 0x00000259ec10e4c0 Exception <a 'java/lang/NoSuchMethodError'{0x0000000703706458}: 'java.lang.Object java.lang.invoke.DirectMethodHandle$Holder.invokeVirtual(java.lang.Object, java.lang.Object, java.lang.Object, java.lang.Object, java.lang.Object, java.lang.Object)'> (0x0000000703706458) 
thrown [s\open\src\hotspot\share\interpreter\linkResolver.cpp, line 759]
Event: 2.706 Thread 0x00000259ec10e4c0 Exception <a 'java/lang/NoSuchMethodError'{0x00000007033e7480}: 'java.lang.Object java.lang.invoke.DirectMethodHandle$Holder.newInvokeSpecial(java.lang.Object, java.lang.Object, int, java.lang.Object, java.lang.Object)'> (0x00000007033e7480) 
thrown [s\open\src\hotspot\share\interpreter\linkResolver.cpp, line 759]
Event: 2.707 Thread 0x00000259ec10e4c0 Exception <a 'java/lang/NoSuchMethodError'{0x00000007033f2b00}: 'java.lang.Object java.lang.invoke.DirectMethodHandle$Holder.invokeSpecial(java.lang.Object, java.lang.Object, int, java.lang.Object, int, java.lang.Object)'> (0x00000007033f2b00) 
thrown [s\open\src\hotspot\share\interpreter\linkResolver.cpp, line 759]
Event: 2.707 Thread 0x00000259ec10e4c0 Exception <a 'java/lang/NoSuchMethodError'{0x00000007033fa908}: 'java.lang.Object java.lang.invoke.DirectMethodHandle$Holder.newInvokeSpecial(java.lang.Object, java.lang.Object, int, java.lang.Object, int)'> (0x00000007033fa908) 
thrown [s\open\src\hotspot\share\interpreter\linkResolver.cpp, line 759]
Event: 2.707 Thread 0x00000259ec10e4c0 Exception <a 'java/lang/NoSuchMethodError'{0x00000007033fea10}: 'java.lang.Object java.lang.invoke.DirectMethodHandle$Holder.invokeSpecial(java.lang.Object, java.lang.Object, java.lang.Object, int, java.lang.Object, int)'> (0x00000007033fea10) 
thrown [s\open\src\hotspot\share\interpreter\linkResolver.cpp, line 759]
Event: 6.070 Thread 0x0000025996a08ca0 Exception <a 'java/lang/NoSuchMethodError'{0x0000000705e0e390}: 'java.lang.Object java.lang.invoke.DirectMethodHandle$Holder.invokeSpecial(java.lang.Object, java.lang.Object, java.lang.Object, java.lang.Object, java.lang.Object, long)'> (0x0000000705e0e390) 
thrown [s\open\src\hotspot\share\interpreter\linkResolver.cpp, line 759]
Event: 6.070 Thread 0x0000025996a08ca0 Exception <a 'java/lang/NoSuchMethodError'{0x0000000705e12268}: 'java.lang.Object java.lang.invoke.Invokers$Holder.linkToTargetMethod(java.lang.Object, java.lang.Object, java.lang.Object, long, java.lang.Object)'> (0x0000000705e12268) 
thrown [s\open\src\hotspot\share\interpreter\linkResolver.cpp, line 759]

VM Operations (20 events):
Event: 21.988 Executing VM operation: get/set locals
Event: 21.988 Executing VM operation: get/set locals done
Event: 21.988 Executing VM operation: get/set locals
Event: 21.988 Executing VM operation: get/set locals done
Event: 21.989 Executing VM operation: get/set locals
Event: 21.989 Executing VM operation: get/set locals done
Event: 21.989 Executing VM operation: get/set locals
Event: 21.989 Executing VM operation: get/set locals done
Event: 21.989 Executing VM operation: get/set locals
Event: 21.989 Executing VM operation: get/set locals done
Event: 21.989 Executing VM operation: get/set locals
Event: 21.989 Executing VM operation: get/set locals done
Event: 23.001 Executing VM operation: Cleanup
Event: 23.001 Executing VM operation: Cleanup done
Event: 23.012 Executing VM operation: HandshakeAllThreads
Event: 23.012 Executing VM operation: HandshakeAllThreads done
Event: 24.021 Executing VM operation: Cleanup
Event: 24.021 Executing VM operation: Cleanup done
Event: 54.624 Executing VM operation: RedefineClasses
Event: 54.638 Executing VM operation: RedefineClasses done

Events (20 events):
Event: 6.084 Thread 0x0000025993020090 flushing nmethod 0x0000025980f3ae10
Event: 6.084 Thread 0x0000025993020090 flushing nmethod 0x0000025980f3c890
Event: 6.084 Thread 0x0000025993020090 flushing nmethod 0x0000025980f44d90
Event: 6.084 Thread 0x0000025993020090 flushing nmethod 0x0000025980f45210
Event: 6.084 Thread 0x0000025993020090 flushing nmethod 0x0000025980f46f10
Event: 6.084 Thread 0x0000025993020090 flushing nmethod 0x0000025980f59910
Event: 6.084 Thread 0x0000025993020090 flushing nmethod 0x0000025980f59f10
Event: 6.084 Thread 0x0000025993020090 flushing nmethod 0x0000025980f5a290
Event: 6.084 Thread 0x0000025993020090 flushing nmethod 0x0000025980f5a610
Event: 6.084 Thread 0x0000025993020090 flushing nmethod 0x0000025980f5aa10
Event: 6.084 Thread 0x0000025993020090 flushing nmethod 0x0000025980f5c110
Event: 6.084 Thread 0x0000025993020090 flushing nmethod 0x0000025980f5c710
Event: 6.084 Thread 0x0000025993020090 flushing nmethod 0x0000025980f5d290
Event: 6.084 Thread 0x0000025993020090 flushing nmethod 0x0000025980f5e990
Event: 6.084 Thread 0x0000025993020090 flushing nmethod 0x0000025980f64410
Event: 6.084 Thread 0x0000025993020090 flushing nmethod 0x0000025980f65510
Event: 6.084 Thread 0x0000025993020090 flushing nmethod 0x0000025980f65990
Event: 6.092 Thread 0x00000259943ec460 Thread added: 0x00000259943ec460
Event: 7.987 Thread 0x0000025996a07e30 Thread exited: 0x0000025996a07e30
Event: 11.605 Thread 0x00000259943ec460 Thread exited: 0x00000259943ec460


Dynamic libraries:
0x00007ff75e1d0000 - 0x00007ff75e1e0000 	C:\Program Files\Java\jdk-18.0.2.1\bin\javaw.exe
0x00007ffc9a210000 - 0x00007ffc9a408000 	C:\Windows\SYSTEM32\ntdll.dll
0x00007ffc98d40000 - 0x00007ffc98dff000 	C:\Windows\System32\KERNEL32.DLL
0x00007ffc97900000 - 0x00007ffc97bd2000 	C:\Windows\System32\KERNELBASE.dll
0x0000000059470000 - 0x00000000597a0000 	C:\Program Files\Norton Security\NortonData\22.20.5.39\Definitions\IPSDefs\20230127.061\IPSEng64.dll
0x00007ffc98e90000 - 0x00007ffc98f3e000 	C:\Windows\System32\ADVAPI32.dll
0x00007ffc98f40000 - 0x00007ffc98fde000 	C:\Windows\System32\msvcrt.dll
0x00007ffc99bc0000 - 0x00007ffc99c5c000 	C:\Windows\System32\sechost.dll
0x00007ffc987b0000 - 0x00007ffc988d5000 	C:\Windows\System32\RPCRT4.dll
0x00007ffc985f0000 - 0x00007ffc985f8000 	C:\Windows\System32\PSAPI.DLL
0x00007ffc97dd0000 - 0x00007ffc97ed0000 	C:\Windows\System32\ucrtbase.dll
0x00007ffc73b30000 - 0x00007ffc73b48000 	C:\Program Files\Java\jdk-18.0.2.1\bin\jli.dll
0x00007ffc73940000 - 0x00007ffc7395a000 	C:\Program Files\Java\jdk-18.0.2.1\bin\VCRUNTIME140.dll
0x00007ffc98b90000 - 0x00007ffc98d31000 	C:\Windows\System32\USER32.dll
0x00007ffc98170000 - 0x00007ffc98192000 	C:\Windows\System32\win32u.dll
0x00007ffc98e60000 - 0x00007ffc98e8b000 	C:\Windows\System32\GDI32.dll
0x00007ffc98030000 - 0x00007ffc9813f000 	C:\Windows\System32\gdi32full.dll
0x00007ffc97ca0000 - 0x00007ffc97d3d000 	C:\Windows\System32\msvcp_win.dll
0x00007ffc7dbd0000 - 0x00007ffc7de6a000 	C:\Windows\WinSxS\amd64_microsoft.windows.common-controls_6595b64144ccf1df_6.0.19041.1110_none_60b5254171f9507e\COMCTL32.dll
0x00007ffc91390000 - 0x00007ffc9139a000 	C:\Windows\SYSTEM32\VERSION.dll
0x00007ffc98250000 - 0x00007ffc98282000 	C:\Windows\System32\IMM32.DLL
0x00007ffc8fee0000 - 0x00007ffc8feec000 	C:\Program Files\Java\jdk-18.0.2.1\bin\vcruntime140_1.dll
0x00007ffc657d0000 - 0x00007ffc6585d000 	C:\Program Files\Java\jdk-18.0.2.1\bin\msvcp140.dll
0x00007ffc4a9c0000 - 0x00007ffc4b5d1000 	C:\Program Files\Java\jdk-18.0.2.1\bin\server\jvm.dll
0x00007ffc8fec0000 - 0x00007ffc8fec9000 	C:\Windows\SYSTEM32\WSOCK32.dll
0x00007ffc8afd0000 - 0x00007ffc8aff7000 	C:\Windows\SYSTEM32\WINMM.dll
0x00007ffc99fb0000 - 0x00007ffc9a01b000 	C:\Windows\System32\WS2_32.dll
0x00007ffc96480000 - 0x00007ffc96492000 	C:\Windows\SYSTEM32\kernel.appcore.dll
0x00007ffc8fde0000 - 0x00007ffc8fdea000 	C:\Program Files\Java\jdk-18.0.2.1\bin\jimage.dll
0x00007ffc95f20000 - 0x00007ffc96104000 	C:\Windows\SYSTEM32\DBGHELP.DLL
0x00007ffc81e60000 - 0x00007ffc81e95000 	C:\Windows\SYSTEM32\dbgcore.DLL
0x00007ffc97d40000 - 0x00007ffc97dc2000 	C:\Windows\System32\bcryptPrimitives.dll
0x00007ffc6c760000 - 0x00007ffc6c79b000 	C:\Program Files\Java\jdk-18.0.2.1\bin\jdwp.dll
0x00007ffc7d590000 - 0x00007ffc7d59e000 	C:\Program Files\Java\jdk-18.0.2.1\bin\instrument.dll
0x00007ffc71040000 - 0x00007ffc71065000 	C:\Program Files\Java\jdk-18.0.2.1\bin\java.dll
0x00007ffc5e180000 - 0x00007ffc5e256000 	C:\Program Files\Java\jdk-18.0.2.1\bin\jsvml.dll
0x00007ffc99470000 - 0x00007ffc99bb4000 	C:\Windows\System32\SHELL32.dll
0x00007ffc956b0000 - 0x00007ffc95e42000 	C:\Windows\SYSTEM32\windows.storage.dll
0x00007ffc98290000 - 0x00007ffc985e5000 	C:\Windows\System32\combase.dll
0x00007ffc97340000 - 0x00007ffc97370000 	C:\Windows\SYSTEM32\Wldp.dll
0x00007ffc99e20000 - 0x00007ffc99ecd000 	C:\Windows\System32\SHCORE.dll
0x00007ffc98e00000 - 0x00007ffc98e55000 	C:\Windows\System32\shlwapi.dll
0x00007ffc97840000 - 0x00007ffc9785f000 	C:\Windows\SYSTEM32\profapi.dll
0x00007ffc7b570000 - 0x00007ffc7b57c000 	C:\Program Files\Java\jdk-18.0.2.1\bin\dt_socket.dll
0x00007ffc96d20000 - 0x00007ffc96d5b000 	C:\Windows\SYSTEM32\IPHLPAPI.DLL
0x00007ffc97070000 - 0x00007ffc970da000 	C:\Windows\system32\mswsock.dll
0x00007ffc96d60000 - 0x00007ffc96e2a000 	C:\Windows\SYSTEM32\DNSAPI.dll
0x00007ffc99c60000 - 0x00007ffc99c68000 	C:\Windows\System32\NSI.dll
0x00007ffc7fa10000 - 0x00007ffc7fa1a000 	C:\Windows\System32\rasadhlp.dll
0x00007ffc8bc00000 - 0x00007ffc8bc80000 	C:\Windows\System32\fwpuclnt.dll
0x00007ffc98140000 - 0x00007ffc98167000 	C:\Windows\System32\bcrypt.dll
0x00007ffc73140000 - 0x00007ffc73158000 	C:\Program Files\Java\jdk-18.0.2.1\bin\zip.dll
0x00007ffc6efb0000 - 0x00007ffc6efc3000 	C:\Program Files\Java\jdk-18.0.2.1\bin\net.dll
0x00007ffc8f2b0000 - 0x00007ffc8f3bc000 	C:\Windows\SYSTEM32\WINHTTP.dll
0x00007ffc6ed90000 - 0x00007ffc6eda6000 	C:\Program Files\Java\jdk-18.0.2.1\bin\nio.dll
0x00007ffc7b8a0000 - 0x00007ffc7b8b0000 	C:\Program Files\Java\jdk-18.0.2.1\bin\verify.dll
0x00007ffc97200000 - 0x00007ffc97218000 	C:\Windows\SYSTEM32\CRYPTSP.dll
0x00007ffc96930000 - 0x00007ffc96964000 	C:\Windows\system32\rsaenh.dll
0x00007ffc97800000 - 0x00007ffc9782e000 	C:\Windows\SYSTEM32\USERENV.dll
0x00007ffc97240000 - 0x00007ffc9724c000 	C:\Windows\SYSTEM32\CRYPTBASE.dll
0x00007ffc90e70000 - 0x00007ffc90e87000 	C:\Windows\SYSTEM32\dhcpcsvc6.DLL
0x00007ffc91080000 - 0x00007ffc9109d000 	C:\Windows\SYSTEM32\dhcpcsvc.DLL
0x00007ffc7a640000 - 0x00007ffc7a64e000 	C:\Program Files\Java\jdk-18.0.2.1\bin\sunmscapi.dll
0x00007ffc97ed0000 - 0x00007ffc98026000 	C:\Windows\System32\CRYPT32.dll
0x00007ffc973d0000 - 0x00007ffc973f7000 	C:\Windows\SYSTEM32\ncrypt.dll
0x00007ffc97390000 - 0x00007ffc973cb000 	C:\Windows\SYSTEM32\NTASN1.dll
0x00007ffc78c80000 - 0x00007ffc78c89000 	C:\Program Files\Java\jdk-18.0.2.1\bin\management.dll
0x00007ffc748a0000 - 0x00007ffc748ab000 	C:\Program Files\Java\jdk-18.0.2.1\bin\management_ext.dll

dbghelp: loaded successfully - version: 4.0.5 - missing functions: none
symbol engine: initialized successfully - sym options: 0x614 - pdb path: .;C:\Program Files\Java\jdk-18.0.2.1\bin;C:\Windows\SYSTEM32;C:\Program Files\Norton Security\NortonData\22.20.5.39\Definitions\IPSDefs\20230127.061;C:\Windows\WinSxS\amd64_microsoft.windows.common-controls_6595b64144ccf1df_6.0.19041.1110_none_60b5254171f9507e;C:\Program Files\Java\jdk-18.0.2.1\bin\server

VM Arguments:
jvm_args: -XX:+ShowCodeDetailsInExceptionMessages -agentlib:jdwp=transport=dt_socket,suspend=y,address=localhost:62509 -javaagent:C:\Users\kayte\eclipse\java-2022-06\eclipse\configuration\org.eclipse.osgi\215\0\.cp\lib\javaagent-shaded.jar -Dfile.encoding=UTF-8 
java_command: com.dmtool.application.Application
java_class_path (initial): C:\Users\kayte\Documents\Katie\Promineo Tech Java Cohort\BE-Promineo-Tech\Week-17-Final_Project\PromineoFinalProject\target\classes;C:\Users\kayte\.m2\repository\org\springframework\boot\spring-boot-starter-web\3.0.2\spring-boot-starter-web-3.0.2.jar;C:\Users\kayte\.m2\repository\org\springframework\boot\spring-boot-starter\3.0.2\spring-boot-starter-3.0.2.jar;C:\Users\kayte\.m2\repository\org\springframework\boot\spring-boot\3.0.2\spring-boot-3.0.2.jar;C:\Users\kayte\.m2\repository\org\springframework\boot\spring-boot-autoconfigure\3.0.2\spring-boot-autoconfigure-3.0.2.jar;C:\Users\kayte\.m2\repository\org\springframework\boot\spring-boot-starter-logging\3.0.2\spring-boot-starter-logging-3.0.2.jar;C:\Users\kayte\.m2\repository\ch\qos\logback\logback-classic\1.4.5\logback-classic-1.4.5.jar;C:\Users\kayte\.m2\repository\ch\qos\logback\logback-core\1.4.5\logback-core-1.4.5.jar;C:\Users\kayte\.m2\repository\org\apache\logging\log4j\log4j-to-slf4j\2.19.0\log4j-to-slf4j-2.19.0.jar;C:\Users\kayte\.m2\repository\org\apache\logging\log4j\log4j-api\2.19.0\log4j-api-2.19.0.jar;C:\Users\kayte\.m2\repository\org\slf4j\jul-to-slf4j\2.0.6\jul-to-slf4j-2.0.6.jar;C:\Users\kayte\.m2\repository\jakarta\annotation\jakarta.annotation-api\2.1.1\jakarta.annotation-api-2.1.1.jar;C:\Users\kayte\.m2\repository\org\yaml\snakeyaml\1.33\snakeyaml-1.33.jar;C:\Users\kayte\.m2\repository\org\springframework\boot\spring-boot-starter-json\3.0.2\spring-boot-starter-json-3.0.2.jar;C:\Users\kayte\.m2\repository\com\fasterxml\jackson\core\jackson-databind\2.14.1\jackson-databind-2.14.1.jar;C:\Users\kayte\.m2\repository\com\fasterxml\jackson\core\jackson-annotations\2.14.1\jackson-annotations-2.14.1.jar;C:\Users\kayte\.m2\repository\com\fasterxml\jackson\core\jackson-core\2.14.1\jackson-core-2.14.1.jar;C:\Users\kayte\.m2\repository\com\fasterxml\jackson\datatype\jackson-datatype-jdk8\2.14.1\jackson-datatype-jdk8-2.14.1.jar;C:\Users\kayte\.m2\repository\com\fasterxml\jackson\datatype\jackson-datatype-jsr310\2.14.1\jackson-datatype-jsr310-2.14.1.jar;C:\Users\kayte\.m2\repository\com\fasterxml\jackson\module\jackson-module-parameter-names\2.14.1\jackson-module-parameter-names-2.14.1.jar;C:\Users\kayte\.m2\repository\org\springframework\boot\spring-boot-starter-tomcat\3.0.2\spring-boot-starter-tomcat-3.0.2.jar;C:\Users\kayte\.m2\repository\org\apache\tomcat\embed\tomcat-embed-core\10.1.5\tomcat-embed-core-10.1.5.jar;C:\Users\kayte\.m2\repository\org\apache\tomcat\embed\tomcat-embed-el\10.1.5\tomcat-embed-el-10.1.5.jar;C:\Users\kayte\.m2\repository\org\apache\tomcat\embed\tomcat-embed-websocket\10.1.5\tomcat-embed-websocket-10.1.5.jar;C:\Users\kayte\.m2\repository\org\springframework\spring-web\6.0.4\spring-web-6.0.4.jar;C:\Users\kayte\.m2\repository\org\springframework\spring-beans\6.0.4\spring-beans-6.0.4.jar;C:\Users\kayte\.m2\repository\io\micrometer\micrometer-observation\1.10.3\micrometer-observation-1.10.3.jar;C:\Users\kayte\.m2\repository\io\micrometer\micrometer-commons\1.10.3\micrometer-commons-1.10.3.jar;C:\Users\kayte\.m2\repository\org\springframework\spring-webmvc\6.0.4\spring-webmvc-6.0.4.jar;C:\Users\kayte\.m2\repository\org\springframework\spring-aop\6.0.4\spring-aop-6.0.4.jar;C:\Users\kayte\.m2\repository\org\springframework\spring-context\6.0.4\spring-context-6.0.4.jar;C:\Users\kayte\.m2\repository\org\springframework\spring-expression\6.0.4\spring-expression-6.0.4.jar;C:\Users\kayte\.m2\repository\org\springframework\boot\spring-boot-starter-data-jdbc\3.0.2\spring-boot-starter-data-jdbc-3.0.2.jar;C:\Users\kayte\.m2\repository\org\springframework\boot\spring-boot-starter-jdbc\3.0.2\spring-boot-starter-jdbc-3.0.2.jar;C:\Users\kayte\.m2\repository\com\zaxxer\HikariCP\5.0.1\HikariCP-5.0.1.jar;C:\Users\kayte\.m2\repository\org\springframework\spring-jdbc\6.0.4\spring-jdbc-6.0.4.jar;C:\Users\kayte\.m2\repository\org\springframework\data\spring-data-jdbc\3.0.1\spring-data-jdbc-3.0.1.jar;C:\Users\kayte\.m2\repository\org\springframework\data\spring-data-relational\3.0.1\spring-data-relational-3.0.1.jar;C:\Users\kayte\.m2\repository\org\springframework\data\spring-data-commons\3.0.1\spring-data-commons-3.0.1.jar;C:\Users\kayte\.m2\repository\org\springframework\spring-tx\6.0.4\spring-tx-6.0.4.jar;C:\Users\kayte\.m2\repository\org\slf4j\slf4j-api\2.0.6\slf4j-api-2.0.6.jar;C:\Users\kayte\.m2\repository\com\mysql\mysql-connector-j\8.0.32\mysql-connector-j-8.0.32.jar;C:\Users\kayte\.m2\repository\org\projectlombok\lombok\1.18.24\lombok-1.18.24.jar;C:\Users\kayte\.m2\repository\org\springframework\spring-core\6.0.4\spring-core-6.0.4.jar;C:\Users\kayte\.m2\repository\org\springframework\spring-jcl\6.0.4\spring-jcl-6.0.4.jar
Launcher Type: SUN_STANDARD

[Global flags]
     intx CICompilerCount                          = 3                                         {product} {ergonomic}
     uint ConcGCThreads                            = 2                                         {product} {ergonomic}
     uint G1ConcRefinementThreads                  = 6                                         {product} {ergonomic}
   size_t G1HeapRegionSize                         = 2097152                                   {product} {ergonomic}
    uintx GCDrainStackTargetSize                   = 64                                        {product} {ergonomic}
   size_t InitialHeapSize                          = 268435456                                 {product} {ergonomic}
   size_t MarkStackSize                            = 4194304                                   {product} {ergonomic}
   size_t MaxHeapSize                              = 4280287232                                {product} {ergonomic}
   size_t MaxNewSize                               = 2566914048                                {product} {ergonomic}
   size_t MinHeapDeltaBytes                        = 2097152                                   {product} {ergonomic}
   size_t MinHeapSize                              = 8388608                                   {product} {ergonomic}
    uintx NonNMethodCodeHeapSize                   = 5832780                                {pd product} {ergonomic}
    uintx NonProfiledCodeHeapSize                  = 122912730                              {pd product} {ergonomic}
    uintx ProfiledCodeHeapSize                     = 122912730                              {pd product} {ergonomic}
    uintx ReservedCodeCacheSize                    = 251658240                              {pd product} {ergonomic}
     bool SegmentedCodeCache                       = true                                      {product} {ergonomic}
     bool ShowCodeDetailsInExceptionMessages       = true                                   {manageable} {command line}
   size_t SoftMaxHeapSize                          = 4280287232                             {manageable} {ergonomic}
     bool UseCompressedClassPointers               = true                           {product lp64_product} {ergonomic}
     bool UseCompressedOops                        = true                           {product lp64_product} {ergonomic}
     bool UseG1GC                                  = true                                      {product} {ergonomic}
     bool UseLargePagesIndividualAllocation        = false                                  {pd product} {ergonomic}

Logging:
Log output configuration:
 #0: stdout all=warning uptime,level,tags foldmultilines=false
 #1: stderr all=off uptime,level,tags foldmultilines=false

Environment Variables:
PATH=C:\Program Files\Common Files\Oracle\Java\javapath;C:\Windows\system32;C:\Windows;C:\Windows\System32\Wbem;C:\Windows\System32\WindowsPowerShell\v1.0\;C:\Windows\System32\OpenSSH\;C:\Users\kayte\AppData\Local\Android\Sdk\platform-tools;C:\Program Files\MySQL\MySQL Server 8.0\bin;C:\Program Files\Docker\Docker\resources\bin;C:\Program Files\Git\cmd;C:\Users\kayte\AppData\Local\Microsoft\WindowsApps
USERNAME=kayte
OS=Windows_NT
PROCESSOR_IDENTIFIER=Intel64 Family 6 Model 158 Stepping 13, GenuineIntel



---------------  S Y S T E M  ---------------

OS:
 Windows 10 , 64 bit Build 19041 (10.0.19041.2364)
OS uptime: 3 days 20:43 hours
Hyper-V role detected

CPU: total 6 (initial active 6) (6 cores per cpu, 1 threads per core) family 6 model 158 stepping 13 microcode 0xb8, cx8, cmov, fxsr, mmx, 3dnowpref, sse, sse2, sse3, ssse3, sse4.1, sse4.2, popcnt, lzcnt, tsc, tscinvbit, avx, avx2, aes, erms, clmul, bmi1, bmi2, rtm, adx, fma, vzeroupper, clflush, clflushopt, hv

Memory: 4k page, system-wide physical 16326M (7100M free)
TotalPageFile size 18758M (AvailPageFile size 3606M)
current process WorkingSet (physical memory assigned to process): 190M, peak: 287M
current process commit charge ("private bytes"): 221M, peak: 431M

vm_info: Java HotSpot(TM) 64-Bit Server VM (18.0.2.1+1-1) for windows-amd64 JRE (18.0.2.1+1-1), built on Aug 16 2022 01:46:33 by "mach5one" with MS VC++ 16.8 / 16.9 (VS2019)

END.
